<?xml version="1.0" encoding="UTF-8"?>
<!-- Generated by org.testng.reporters.JUnitReportReporter -->
<testsuite hostname="HSNMM-AbhishekB" name="com.hs18.TestDataCreation.CourierTrackDataCreation" tests="2" failures="0" timestamp="3 Jan 2017 06:47:06 GMT" time="2577.577" errors="0">
  <testcase name="NDR" time="0.002" classname="com.hs18.TestDataCreation.CourierTrackDataCreation"/>
  <testcase name="forwardCourier" time="2577.575" classname="com.hs18.TestDataCreation.CourierTrackDataCreation"/>
</testsuite> <!-- com.hs18.TestDataCreation.CourierTrackDataCreation -->
