<?xml version="1.0" encoding="UTF-8"?>
<!-- Generated by org.testng.reporters.JUnitReportReporter -->
<testsuite hostname="HSNMM-AbhishekB" name="com.hs18.Test.CRM.OrderBookingTest" tests="2" failures="0" timestamp="25 Nov 2016 10:34:47 GMT" time="11.839" errors="0">
  <testcase name="callernoTest" time="8.237" classname="com.hs18.Test.CRM.OrderBookingTest"/>
  <testcase name="searchProductTest" time="3.602" classname="com.hs18.Test.CRM.OrderBookingTest"/>
</testsuite> <!-- com.hs18.Test.CRM.OrderBookingTest -->
