<?xml version="1.0" encoding="UTF-8"?>
<!-- Generated by org.testng.reporters.JUnitReportReporter -->
<testsuite hostname="HSNMM-AbhishekB" name="com.hs18.TestDataCreation.BulkOrderCreation" tests="1" failures="0" timestamp="14 Feb 2017 11:14:27 GMT" time="24.319" errors="0">
  <testcase name="createBulkOrders" time="24.319" classname="com.hs18.TestDataCreation.BulkOrderCreation"/>
</testsuite> <!-- com.hs18.TestDataCreation.BulkOrderCreation -->
