<?xml version="1.0" encoding="UTF-8"?>
<!-- Generated by org.testng.reporters.JUnitReportReporter -->
<testsuite hostname="HSNMM-AbhishekB" name="com.hs18.Test.CRM.OrderBookingTest" tests="2" failures="0" timestamp="9 Feb 2017 06:46:17 GMT" time="16.505" errors="0">
  <testcase name="searchProductTest" time="3.066" classname="com.hs18.Test.CRM.OrderBookingTest"/>
  <testcase name="callernoTest" time="13.439" classname="com.hs18.Test.CRM.OrderBookingTest"/>
</testsuite> <!-- com.hs18.Test.CRM.OrderBookingTest -->
