<?xml version="1.0" encoding="UTF-8"?>
<!-- Generated by org.testng.reporters.JUnitReportReporter -->
<testsuite hostname="HSNMM-AbhishekB" name="com.hs18.TestDataCreation.CourierTrackDataCreation" tests="2" failures="0" timestamp="24 Jan 2017 11:25:04 GMT" time="289.069" errors="0">
  <testcase name="NDR" time="0.010" classname="com.hs18.TestDataCreation.CourierTrackDataCreation"/>
  <testcase name="forwardCourier" time="289.059" classname="com.hs18.TestDataCreation.CourierTrackDataCreation"/>
</testsuite> <!-- com.hs18.TestDataCreation.CourierTrackDataCreation -->
