<?xml version="1.0" encoding="UTF-8"?>
<!-- Generated by org.testng.reporters.JUnitReportReporter -->
<testsuite hostname="HSNMM-AbhishekB" name="com.hs18.TestDataCreation.CMSTestDataCreation" tests="1" failures="0" timestamp="8 Feb 2017 04:18:46 GMT" time="122.701" errors="0">
  <testcase name="CMSDataCreation" time="122.701" classname="com.hs18.TestDataCreation.CMSTestDataCreation"/>
</testsuite> <!-- com.hs18.TestDataCreation.CMSTestDataCreation -->
